<?xml version="1.0" encoding="UTF-8"?>
<testng-results ignored="0" total="1" passed="1" failed="0" skipped="0">
  <reporter-output>
  </reporter-output>
  <suite started-at="2025-03-12T15:37:47 GMT-03:00" name="Surefire suite" finished-at="2025-03-12T15:37:47 GMT-03:00" duration-ms="8">
    <groups>
    </groups>
    <test started-at="2025-03-12T15:37:47 GMT-03:00" name="Surefire test" finished-at="2025-03-12T15:37:47 GMT-03:00" duration-ms="8">
      <class name="com.automacao.petstore.AppTest">
        <test-method signature="testApp()[pri:0, instance:testApp(com.automacao.petstore.AppTest)]" started-at="2025-03-12T15:37:47 GMT-03:00" name="testApp" finished-at="2025-03-12T15:37:47 GMT-03:00" duration-ms="0" status="PASS">
          <reporter-output>
          </reporter-output>
        </test-method> <!-- testApp -->
      </class> <!-- com.automacao.petstore.AppTest -->
    </test> <!-- Surefire test -->
  </suite> <!-- Surefire suite -->
</testng-results>
