<?xml version="1.0" encoding="UTF-8"?>
<!-- Generated by org.testng.reporters.JUnitXMLReporter -->
<testsuite ignored="0" hostname="DESKTOP-EOMGS7B" failures="0" tests="4" name="Surefire test" time="5.261" errors="0" timestamp="2025-03-13T00:08:48 GMT-03:00">
  <testcase classname="com.automacao.petstore.PetStoreAPITests" name="testGetStoreCreateOrder" time="2.37"/>
  <testcase classname="com.automacao.petstore.PetStoreAPITests" name="testGetStoreOrderByid" time="0.837"/>
  <testcase classname="com.automacao.petstore.PetStoreAPITests" name="testGetStoreInventory" time="0.805"/>
  <testcase classname="com.automacao.petstore.PetStoreAPITests" name="testDeleteStoreOrder" time="0.796"/>
</testsuite> <!-- Surefire test -->
