<?xml version="1.0" encoding="UTF-8"?>
<!-- Generated by org.testng.reporters.JUnitXMLReporter -->
<testsuite ignored="0" hostname="DESKTOP-EOMGS7B" failures="0" tests="5" name="Surefire test" time="6.356" errors="0" timestamp="2025-03-12T15:37:47 GMT-03:00">
  <testcase classname="com.automacao.petstore.PetStoreAPITests" name="testGetStoreCreateOrder" time="2.645"/>
  <testcase classname="com.automacao.petstore.PetStoreAPITests" name="testGetStoreInventory" time="0.803"/>
  <testcase classname="com.automacao.petstore.PetStoreAPITests" name="testGetStoreOrderByid" time="0.817"/>
  <testcase classname="com.automacao.petstore.PetStoreAPITests" name="testGetStoreOrderByidInvalid" time="0.787"/>
  <testcase classname="com.automacao.petstore.PetStoreAPITests" name="testGetStoreOrderByidNotFound" time="0.827"/>
</testsuite> <!-- Surefire test -->
