<?xml version="1.0" encoding="UTF-8"?>
<testng-results ignored="0" total="5" passed="5" failed="0" skipped="0">
  <reporter-output>
  </reporter-output>
  <suite started-at="2025-03-12T15:37:40 GMT-03:00" name="Surefire suite" finished-at="2025-03-12T15:37:47 GMT-03:00" duration-ms="6356">
    <groups>
    </groups>
    <test started-at="2025-03-12T15:37:40 GMT-03:00" name="Surefire test" finished-at="2025-03-12T15:37:47 GMT-03:00" duration-ms="6356">
      <class name="com.automacao.petstore.PetStoreAPITests">
        <test-method is-config="true" signature="setup()[pri:0, instance:com.automacao.petstore.PetStoreAPITests@5bfa9431]" started-at="2025-03-12T15:37:40 GMT-03:00" name="setup" finished-at="2025-03-12T15:37:41 GMT-03:00" duration-ms="454" status="PASS">
          <reporter-output>
          </reporter-output>
        </test-method> <!-- setup -->
        <test-method signature="testGetStoreCreateOrder()[pri:0, instance:com.automacao.petstore.PetStoreAPITests@5bfa9431]" started-at="2025-03-12T15:37:41 GMT-03:00" name="testGetStoreCreateOrder" finished-at="2025-03-12T15:37:43 GMT-03:00" duration-ms="2645" status="PASS">
          <reporter-output>
          </reporter-output>
        </test-method> <!-- testGetStoreCreateOrder -->
        <test-method signature="testGetStoreInventory()[pri:0, instance:com.automacao.petstore.PetStoreAPITests@5bfa9431]" started-at="2025-03-12T15:37:43 GMT-03:00" name="testGetStoreInventory" finished-at="2025-03-12T15:37:44 GMT-03:00" duration-ms="803" status="PASS">
          <reporter-output>
          </reporter-output>
        </test-method> <!-- testGetStoreInventory -->
        <test-method signature="testGetStoreOrderByid()[pri:0, instance:com.automacao.petstore.PetStoreAPITests@5bfa9431]" started-at="2025-03-12T15:37:44 GMT-03:00" name="testGetStoreOrderByid" finished-at="2025-03-12T15:37:45 GMT-03:00" duration-ms="817" status="PASS">
          <reporter-output>
          </reporter-output>
        </test-method> <!-- testGetStoreOrderByid -->
        <test-method signature="testGetStoreOrderByidInvalid()[pri:0, instance:com.automacao.petstore.PetStoreAPITests@5bfa9431]" started-at="2025-03-12T15:37:45 GMT-03:00" name="testGetStoreOrderByidInvalid" finished-at="2025-03-12T15:37:46 GMT-03:00" duration-ms="787" status="PASS">
          <reporter-output>
          </reporter-output>
        </test-method> <!-- testGetStoreOrderByidInvalid -->
        <test-method signature="testGetStoreOrderByidNotFound()[pri:0, instance:com.automacao.petstore.PetStoreAPITests@5bfa9431]" started-at="2025-03-12T15:37:46 GMT-03:00" name="testGetStoreOrderByidNotFound" finished-at="2025-03-12T15:37:47 GMT-03:00" duration-ms="827" status="PASS">
          <reporter-output>
          </reporter-output>
        </test-method> <!-- testGetStoreOrderByidNotFound -->
      </class> <!-- com.automacao.petstore.PetStoreAPITests -->
    </test> <!-- Surefire test -->
  </suite> <!-- Surefire suite -->
</testng-results>
