<?xml version="1.0" encoding="UTF-8"?>
<testng-results ignored="0" total="4" passed="4" failed="0" skipped="0">
  <reporter-output>
  </reporter-output>
  <suite started-at="2025-03-13T00:08:43 GMT-03:00" name="Surefire suite" finished-at="2025-03-13T00:08:48 GMT-03:00" duration-ms="5261">
    <groups>
    </groups>
    <test started-at="2025-03-13T00:08:43 GMT-03:00" name="Surefire test" finished-at="2025-03-13T00:08:48 GMT-03:00" duration-ms="5261">
      <class name="com.automacao.petstore.PetStoreAPITests">
        <test-method is-config="true" signature="setup()[pri:0, instance:com.automacao.petstore.PetStoreAPITests@11a9e7c8]" started-at="2025-03-13T00:08:43 GMT-03:00" name="setup" finished-at="2025-03-13T00:08:43 GMT-03:00" duration-ms="423" status="PASS">
          <reporter-output>
          </reporter-output>
        </test-method> <!-- setup -->
        <test-method signature="testGetStoreCreateOrder()[pri:1, instance:com.automacao.petstore.PetStoreAPITests@11a9e7c8]" started-at="2025-03-13T00:08:43 GMT-03:00" name="testGetStoreCreateOrder" finished-at="2025-03-13T00:08:46 GMT-03:00" duration-ms="2370" status="PASS">
          <reporter-output>
          </reporter-output>
        </test-method> <!-- testGetStoreCreateOrder -->
        <test-method signature="testGetStoreOrderByid()[pri:2, instance:com.automacao.petstore.PetStoreAPITests@11a9e7c8]" started-at="2025-03-13T00:08:46 GMT-03:00" name="testGetStoreOrderByid" finished-at="2025-03-13T00:08:47 GMT-03:00" depends-on-methods="com.automacao.petstore.PetStoreAPITests.testGetStoreCreateOrder" duration-ms="837" status="PASS">
          <reporter-output>
          </reporter-output>
        </test-method> <!-- testGetStoreOrderByid -->
        <test-method signature="testGetStoreInventory()[pri:3, instance:com.automacao.petstore.PetStoreAPITests@11a9e7c8]" started-at="2025-03-13T00:08:47 GMT-03:00" name="testGetStoreInventory" finished-at="2025-03-13T00:08:48 GMT-03:00" duration-ms="805" status="PASS">
          <reporter-output>
          </reporter-output>
        </test-method> <!-- testGetStoreInventory -->
        <test-method signature="testDeleteStoreOrder()[pri:4, instance:com.automacao.petstore.PetStoreAPITests@11a9e7c8]" started-at="2025-03-13T00:08:48 GMT-03:00" name="testDeleteStoreOrder" finished-at="2025-03-13T00:08:48 GMT-03:00" depends-on-methods="com.automacao.petstore.PetStoreAPITests.testGetStoreOrderByid" duration-ms="796" status="PASS">
          <reporter-output>
          </reporter-output>
        </test-method> <!-- testDeleteStoreOrder -->
      </class> <!-- com.automacao.petstore.PetStoreAPITests -->
    </test> <!-- Surefire test -->
  </suite> <!-- Surefire suite -->
</testng-results>
